<?xml version="1.0" encoding="utf-8"?>
<coverage line-rate="0.9059" branch-rate="0.7714" version="1.9" timestamp="1760397679" lines-covered="424" lines-valid="468" branches-covered="54" branches-valid="70">
  <sources>
    <source>/home/runner/work/dance-cup-api/dance-cup-api/src/</source>
  </sources>
  <packages>
    <package name="ECC.DanceCup.Api.Utils" line-rate="0.2666" branch-rate="0.1666" complexity="6">
      <classes>
        <class name="ECC.DanceCup.Api.Utils.Extensions.ObjectExtensions" filename="ECC.DanceCup.Api.Utils/Extensions/ObjectExtensions.cs" line-rate="0.3333" branch-rate="0.25" complexity="4">
          <methods>
            <method name="AsRequired" signature="(T)" line-rate="0" branch-rate="0" complexity="2">
              <lines>
                <line number="7" hits="0" branch="False" />
                <line number="8" hits="0" branch="True" condition-coverage="0% (0/2)">
                  <conditions>
                    <condition number="12" type="jump" coverage="0%" />
                  </conditions>
                </line>
                <line number="9" hits="0" branch="False" />
                <line number="10" hits="0" branch="False" />
                <line number="13" hits="0" branch="False" />
                <line number="14" hits="0" branch="False" />
              </lines>
            </method>
            <method name="AsRequired" signature="(System.Nullable`1&lt;T&gt;)" line-rate="0.6666" branch-rate="0.5" complexity="2">
              <lines>
                <line number="18" hits="2238" branch="False" />
                <line number="19" hits="2238" branch="True" condition-coverage="50% (1/2)">
                  <conditions>
                    <condition number="13" type="jump" coverage="50%" />
                  </conditions>
                </line>
                <line number="20" hits="0" branch="False" />
                <line number="21" hits="0" branch="False" />
                <line number="24" hits="2238" branch="False" />
                <line number="25" hits="2238" branch="False" />
              </lines>
            </method>
          </methods>
          <lines>
            <line number="7" hits="0" branch="False" />
            <line number="8" hits="0" branch="True" condition-coverage="0% (0/2)">
              <conditions>
                <condition number="12" type="jump" coverage="0%" />
              </conditions>
            </line>
            <line number="9" hits="0" branch="False" />
            <line number="10" hits="0" branch="False" />
            <line number="13" hits="0" branch="False" />
            <line number="14" hits="0" branch="False" />
            <line number="18" hits="2238" branch="False" />
            <line number="19" hits="2238" branch="True" condition-coverage="50% (1/2)">
              <conditions>
                <condition number="13" type="jump" coverage="50%" />
              </conditions>
            </line>
            <line number="20" hits="0" branch="False" />
            <line number="21" hits="0" branch="False" />
            <line number="24" hits="2238" branch="False" />
            <line number="25" hits="2238" branch="False" />
          </lines>
        </class>
        <class name="ECC.DanceCup.Api.Utils.Extensions.ResultExtensions" filename="ECC.DanceCup.Api.Utils/Extensions/ResultExtensions.cs" line-rate="0" branch-rate="0" complexity="2">
          <methods>
            <method name="StringifyErrors" signature="(TResult)" line-rate="0" branch-rate="0" complexity="2">
              <lines>
                <line number="9" hits="0" branch="False" />
                <line number="10" hits="0" branch="True" condition-coverage="0% (0/2)">
                  <conditions>
                    <condition number="23" type="jump" coverage="0%" />
                  </conditions>
                </line>
                <line number="11" hits="0" branch="False" />
              </lines>
            </method>
          </methods>
          <lines>
            <line number="9" hits="0" branch="False" />
            <line number="10" hits="0" branch="True" condition-coverage="0% (0/2)">
              <conditions>
                <condition number="23" type="jump" coverage="0%" />
              </conditions>
            </line>
            <line number="11" hits="0" branch="False" />
          </lines>
        </class>
      </classes>
    </package>
    <package name="ECC.DanceCup.Api.Domain" line-rate="0.946" branch-rate="0.8965000000000001" complexity="144">
      <classes>
        <class name="ECC.DanceCup.Api.Domain.Registrar" filename="ECC.DanceCup.Api.Domain/Registrar.cs" line-rate="0" branch-rate="1" complexity="1">
          <methods>
            <method name="AddDomainServices" signature="(Microsoft.Extensions.DependencyInjection.IServiceCollection)" line-rate="0" branch-rate="1" complexity="1">
              <lines>
                <line number="9" hits="0" branch="False" />
                <line number="10" hits="0" branch="False" />
                <line number="11" hits="0" branch="False" />
                <line number="12" hits="0" branch="False" />
                <line number="14" hits="0" branch="False" />
                <line number="15" hits="0" branch="False" />
              </lines>
            </method>
          </methods>
          <lines>
            <line number="9" hits="0" branch="False" />
            <line number="10" hits="0" branch="False" />
            <line number="11" hits="0" branch="False" />
            <line number="12" hits="0" branch="False" />
            <line number="14" hits="0" branch="False" />
            <line number="15" hits="0" branch="False" />
          </lines>
        </class>
        <class name="ECC.DanceCup.Api.Domain.Services.CreateCategoryModel" filename="ECC.DanceCup.Api.Domain/Services/ITournamentFactory.cs" line-rate="1" branch-rate="1" complexity="4">
          <methods>
            <method name="get_Name" signature="()" line-rate="1" branch-rate="1" complexity="1">
              <lines>
                <line number="40" hits="9" branch="False" />
              </lines>
            </method>
            <method name="get_DancesIds" signature="()" line-rate="1" branch-rate="1" complexity="1">
              <lines>
                <line number="41" hits="15" branch="False" />
              </lines>
            </method>
            <method name="get_RefereesIds" signature="()" line-rate="1" branch-rate="1" complexity="1">
              <lines>
                <line number="42" hits="15" branch="False" />
              </lines>
            </method>
            <method name=".ctor" signature="(ECC.DanceCup.Api.Domain.Model.TournamentAggregate.CategoryName,System.Collections.Generic.IReadOnlyCollection`1&lt;ECC.DanceCup.Api.Domain.Model.DanceAggregate.DanceId&gt;,System.Collections.Generic.IReadOnlyCollection`1&lt;ECC.DanceCup.Api.Domain.Model.RefereeAggregate.RefereeId&gt;)" line-rate="1" branch-rate="1" complexity="1">
              <lines>
                <line number="39" hits="3" branch="False" />
                <line number="43" hits="3" branch="False" />
              </lines>
            </method>
          </methods>
          <lines>
            <line number="40" hits="9" branch="False" />
            <line number="41" hits="15" branch="False" />
            <line number="42" hits="15" branch="False" />
            <line number="39" hits="3" branch="False" />
            <line number="43" hits="3" branch="False" />
          </lines>
        </class>
        <class name="ECC.DanceCup.Api.Domain.Services.RefereeFactory" filename="ECC.DanceCup.Api.Domain/Services/RefereeFactory.cs" line-rate="1" branch-rate="1" complexity="1">
          <methods>
            <method name="Create" signature="(ECC.DanceCup.Api.Domain.Model.RefereeAggregate.RefereeFullName)" line-rate="1" branch-rate="1" complexity="1">
              <lines>
                <line number="10" hits="1" branch="False" />
                <line number="11" hits="1" branch="False" />
                <line number="13" hits="1" branch="False" />
                <line number="14" hits="1" branch="False" />
                <line number="15" hits="1" branch="False" />
                <line number="16" hits="1" branch="False" />
                <line number="17" hits="1" branch="False" />
                <line number="18" hits="1" branch="False" />
                <line number="19" hits="1" branch="False" />
                <line number="20" hits="1" branch="False" />
              </lines>
            </method>
          </methods>
          <lines>
            <line number="10" hits="1" branch="False" />
            <line number="11" hits="1" branch="False" />
            <line number="13" hits="1" branch="False" />
            <line number="14" hits="1" branch="False" />
            <line number="15" hits="1" branch="False" />
            <line number="16" hits="1" branch="False" />
            <line number="17" hits="1" branch="False" />
            <line number="18" hits="1" branch="False" />
            <line number="19" hits="1" branch="False" />
            <line number="20" hits="1" branch="False" />
          </lines>
        </class>
        <class name="ECC.DanceCup.Api.Domain.Services.TournamentFactory" filename="ECC.DanceCup.Api.Domain/Services/TournamentFactory.cs" line-rate="0.8545" branch-rate="0.5" complexity="8">
          <methods>
            <method name="Create" signature="(ECC.DanceCup.Api.Domain.Model.UserAggregate.UserId,ECC.DanceCup.Api.Domain.Model.TournamentAggregate.TournamentName,ECC.DanceCup.Api.Domain.Model.TournamentAggregate.TournamentDescription,ECC.DanceCup.Api.Domain.Model.TournamentAggregate.TournamentDate,System.Collections.Generic.IReadOnlyCollection`1&lt;ECC.DanceCup.Api.Domain.Services.CreateCategoryModel&gt;)" line-rate="0.9444" branch-rate="0.5" complexity="2">
              <lines>
                <line number="13" hits="1" branch="False" />
                <line number="14" hits="1" branch="False" />
                <line number="16" hits="1" branch="False" />
                <line number="17" hits="1" branch="True" condition-coverage="50% (1/2)">
                  <conditions>
                    <condition number="25" type="jump" coverage="50%" />
                  </conditions>
                </line>
                <line number="18" hits="0" branch="False" />
                <line number="19" hits="0" branch="False" />
                <line number="22" hits="1" branch="False" />
                <line number="23" hits="1" branch="False" />
                <line number="24" hits="3" branch="False" />
                <line number="25" hits="3" branch="False" />
                <line number="26" hits="3" branch="False" />
                <line number="27" hits="3" branch="False" />
                <line number="28" hits="3" branch="False" />
                <line number="29" hits="3" branch="False" />
                <line number="30" hits="3" branch="False" />
                <line number="31" hits="3" branch="False" />
                <line number="32" hits="1" branch="False" />
                <line number="34" hits="1" branch="False" />
                <line number="35" hits="1" branch="False" />
                <line number="36" hits="1" branch="False" />
                <line number="37" hits="1" branch="False" />
                <line number="38" hits="1" branch="False" />
                <line number="39" hits="1" branch="False" />
                <line number="40" hits="1" branch="False" />
                <line number="41" hits="1" branch="False" />
                <line number="42" hits="1" branch="False" />
                <line number="43" hits="1" branch="False" />
                <line number="44" hits="1" branch="False" />
                <line number="45" hits="1" branch="False" />
                <line number="46" hits="1" branch="False" />
                <line number="47" hits="1" branch="False" />
                <line number="48" hits="1" branch="False" />
                <line number="49" hits="1" branch="False" />
                <line number="50" hits="1" branch="False" />
                <line number="52" hits="1" branch="False" />
                <line number="53" hits="1" branch="False" />
              </lines>
            </method>
            <method name="ValidateCreateCategoryModels" signature="(System.Collections.Generic.IReadOnlyCollection`1&lt;ECC.DanceCup.Api.Domain.Services.CreateCategoryModel&gt;)" line-rate="0.8" branch-rate="0.5" complexity="2">
              <lines>
                <line number="56" hits="1" branch="False" />
                <line number="57" hits="1" branch="False" />
                <line number="58" hits="1" branch="False" />
                <line number="59" hits="3" branch="False" />
                <line number="60" hits="1" branch="False" />
                <line number="62" hits="1" branch="True" condition-coverage="50% (1/2)">
                  <conditions>
                    <condition number="83" type="jump" coverage="50%" />
                  </conditions>
                </line>
                <line number="63" hits="0" branch="False" />
                <line number="64" hits="0" branch="False" />
                <line number="67" hits="1" branch="False" />
                <line number="68" hits="1" branch="False" />
              </lines>
            </method>
            <method name="ValidateCreateCategoryModel" signature="(ECC.DanceCup.Api.Domain.Services.CreateCategoryModel)" line-rate="0.5555" branch-rate="0.5" complexity="4">
              <lines>
                <line number="71" hits="3" branch="False" />
                <line number="72" hits="3" branch="True" condition-coverage="50% (1/2)">
                  <conditions>
                    <condition number="35" type="jump" coverage="50%" />
                  </conditions>
                </line>
                <line number="73" hits="0" branch="False" />
                <line number="74" hits="0" branch="False" />
                <line number="77" hits="3" branch="True" condition-coverage="50% (1/2)">
                  <conditions>
                    <condition number="85" type="jump" coverage="50%" />
                  </conditions>
                </line>
                <line number="78" hits="0" branch="False" />
                <line number="79" hits="0" branch="False" />
                <line number="82" hits="3" branch="False" />
                <line number="83" hits="3" branch="False" />
              </lines>
            </method>
          </methods>
          <lines>
            <line number="13" hits="1" branch="False" />
            <line number="14" hits="1" branch="False" />
            <line number="16" hits="1" branch="False" />
            <line number="17" hits="1" branch="True" condition-coverage="50% (1/2)">
              <conditions>
                <condition number="25" type="jump" coverage="50%" />
              </conditions>
            </line>
            <line number="18" hits="0" branch="False" />
            <line number="19" hits="0" branch="False" />
            <line number="22" hits="1" branch="False" />
            <line number="23" hits="1" branch="False" />
            <line number="24" hits="3" branch="False" />
            <line number="25" hits="3" branch="False" />
            <line number="26" hits="3" branch="False" />
            <line number="27" hits="3" branch="False" />
            <line number="28" hits="3" branch="False" />
            <line number="29" hits="3" branch="False" />
            <line number="30" hits="3" branch="False" />
            <line number="31" hits="3" branch="False" />
            <line number="32" hits="1" branch="False" />
            <line number="34" hits="1" branch="False" />
            <line number="35" hits="1" branch="False" />
            <line number="36" hits="1" branch="False" />
            <line number="37" hits="1" branch="False" />
            <line number="38" hits="1" branch="False" />
            <line number="39" hits="1" branch="False" />
            <line number="40" hits="1" branch="False" />
            <line number="41" hits="1" branch="False" />
            <line number="42" hits="1" branch="False" />
            <line number="43" hits="1" branch="False" />
            <line number="44" hits="1" branch="False" />
            <line number="45" hits="1" branch="False" />
            <line number="46" hits="1" branch="False" />
            <line number="47" hits="1" branch="False" />
            <line number="48" hits="1" branch="False" />
            <line number="49" hits="1" branch="False" />
            <line number="50" hits="1" branch="False" />
            <line number="52" hits="1" branch="False" />
            <line number="53" hits="1" branch="False" />
            <line number="56" hits="1" branch="False" />
            <line number="57" hits="1" branch="False" />
            <line number="58" hits="1" branch="False" />
            <line number="59" hits="3" branch="False" />
            <line number="60" hits="1" branch="False" />
            <line number="62" hits="1" branch="True" condition-coverage="50% (1/2)">
              <conditions>
                <condition number="83" type="jump" coverage="50%" />
              </conditions>
            </line>
            <line number="63" hits="0" branch="False" />
            <line number="64" hits="0" branch="False" />
            <line number="67" hits="1" branch="False" />
            <line number="68" hits="1" branch="False" />
            <line number="71" hits="3" branch="False" />
            <line number="72" hits="3" branch="True" condition-coverage="50% (1/2)">
              <conditions>
                <condition number="35" type="jump" coverage="50%" />
              </conditions>
            </line>
            <line number="73" hits="0" branch="False" />
            <line number="74" hits="0" branch="False" />
            <line number="77" hits="3" branch="True" condition-coverage="50% (1/2)">
              <conditions>
                <condition number="85" type="jump" coverage="50%" />
              </conditions>
            </line>
            <line number="78" hits="0" branch="False" />
            <line number="79" hits="0" branch="False" />
            <line number="82" hits="3" branch="False" />
            <line number="83" hits="3" branch="False" />
          </lines>
        </class>
        <class name="ECC.DanceCup.Api.Domain.Services.UserFactory" filename="ECC.DanceCup.Api.Domain/Services/UserFactory.cs" line-rate="1" branch-rate="1" complexity="1">
          <methods>
            <method name="Create" signature="(ECC.DanceCup.Api.Domain.Model.UserAggregate.UserExternalId,ECC.DanceCup.Api.Domain.Model.UserAggregate.Username)" line-rate="1" branch-rate="1" complexity="1">
              <lines>
                <line number="12" hits="1" branch="False" />
                <line number="13" hits="1" branch="False" />
                <line number="15" hits="1" branch="False" />
                <line number="16" hits="1" branch="False" />
                <line number="17" hits="1" branch="False" />
                <line number="18" hits="1" branch="False" />
                <line number="19" hits="1" branch="False" />
                <line number="20" hits="1" branch="False" />
                <line number="21" hits="1" branch="False" />
                <line number="22" hits="1" branch="False" />
                <line number="23" hits="1" branch="False" />
              </lines>
            </method>
          </methods>
          <lines>
            <line number="12" hits="1" branch="False" />
            <line number="13" hits="1" branch="False" />
            <line number="15" hits="1" branch="False" />
            <line number="16" hits="1" branch="False" />
            <line number="17" hits="1" branch="False" />
            <line number="18" hits="1" branch="False" />
            <line number="19" hits="1" branch="False" />
            <line number="20" hits="1" branch="False" />
            <line number="21" hits="1" branch="False" />
            <line number="22" hits="1" branch="False" />
            <line number="23" hits="1" branch="False" />
          </lines>
        </class>
        <class name="ECC.DanceCup.Api.Domain.Model.UserAggregate.User" filename="ECC.DanceCup.Api.Domain/Model/UserAggregate/User.cs" line-rate="1" branch-rate="1" complexity="3">
          <methods>
            <method name="get_ExternalId" signature="()" line-rate="1" branch-rate="1" complexity="1">
              <lines>
                <line number="26" hits="4" branch="False" />
              </lines>
            </method>
            <method name="get_Username" signature="()" line-rate="1" branch-rate="1" complexity="1">
              <lines>
                <line number="31" hits="4" branch="False" />
              </lines>
            </method>
            <method name=".ctor" signature="(ECC.DanceCup.Api.Domain.Model.UserAggregate.UserId,ECC.DanceCup.Api.Domain.Core.AggregateVersion,System.DateTime,System.DateTime,ECC.DanceCup.Api.Domain.Model.UserAggregate.UserExternalId,ECC.DanceCup.Api.Domain.Model.UserAggregate.Username)" line-rate="1" branch-rate="1" complexity="1">
              <lines>
                <line number="17" hits="6" branch="False" />
                <line number="18" hits="6" branch="False" />
                <line number="19" hits="6" branch="False" />
                <line number="20" hits="6" branch="False" />
                <line number="21" hits="6" branch="False" />
              </lines>
            </method>
          </methods>
          <lines>
            <line number="26" hits="4" branch="False" />
            <line number="31" hits="4" branch="False" />
            <line number="17" hits="6" branch="False" />
            <line number="18" hits="6" branch="False" />
            <line number="19" hits="6" branch="False" />
            <line number="20" hits="6" branch="False" />
            <line number="21" hits="6" branch="False" />
          </lines>
        </class>
        <class name="ECC.DanceCup.Api.Domain.Model.UserAggregate.UserExternalId" filename="ECC.DanceCup.Api.Domain/Model/UserAggregate/UserExternalId.cs" line-rate="1" branch-rate="1" complexity="4">
          <methods>
            <method name="get_Value" signature="()" line-rate="1" branch-rate="1" complexity="1">
              <lines>
                <line number="16" hits="4" branch="False" />
              </lines>
            </method>
            <method name="From" signature="(System.Int64)" line-rate="1" branch-rate="1" complexity="2">
              <lines>
                <line number="20" hits="15" branch="False" />
                <line number="21" hits="15" branch="True" condition-coverage="100% (2/2)">
                  <conditions>
                    <condition number="11" type="jump" coverage="100%" />
                  </conditions>
                </line>
                <line number="22" hits="5" branch="False" />
                <line number="23" hits="5" branch="False" />
                <line number="26" hits="10" branch="False" />
                <line number="27" hits="15" branch="False" />
              </lines>
            </method>
            <method name=".ctor" signature="(System.Int64)" line-rate="1" branch-rate="1" complexity="1">
              <lines>
                <line number="11" hits="10" branch="False" />
                <line number="12" hits="10" branch="False" />
                <line number="13" hits="10" branch="False" />
              </lines>
            </method>
          </methods>
          <lines>
            <line number="16" hits="4" branch="False" />
            <line number="20" hits="15" branch="False" />
            <line number="21" hits="15" branch="True" condition-coverage="100% (2/2)">
              <conditions>
                <condition number="11" type="jump" coverage="100%" />
              </conditions>
            </line>
            <line number="22" hits="5" branch="False" />
            <line number="23" hits="5" branch="False" />
            <line number="26" hits="10" branch="False" />
            <line number="27" hits="15" branch="False" />
            <line number="11" hits="10" branch="False" />
            <line number="12" hits="10" branch="False" />
            <line number="13" hits="10" branch="False" />
          </lines>
        </class>
        <class name="ECC.DanceCup.Api.Domain.Model.UserAggregate.UserId" filename="ECC.DanceCup.Api.Domain/Model/UserAggregate/UserId.cs" line-rate="1" branch-rate="1" complexity="5">
          <methods>
            <method name="get_Empty" signature="()" line-rate="1" branch-rate="1" complexity="1">
              <lines>
                <line number="18" hits="4" branch="False" />
              </lines>
            </method>
            <method name="get_Value" signature="()" line-rate="1" branch-rate="1" complexity="1">
              <lines>
                <line number="21" hits="9" branch="False" />
              </lines>
            </method>
            <method name="From" signature="(System.Int64)" line-rate="1" branch-rate="1" complexity="2">
              <lines>
                <line number="25" hits="45" branch="False" />
                <line number="26" hits="45" branch="True" condition-coverage="100% (2/2)">
                  <conditions>
                    <condition number="11" type="jump" coverage="100%" />
                  </conditions>
                </line>
                <line number="27" hits="4" branch="False" />
                <line number="28" hits="4" branch="False" />
                <line number="31" hits="41" branch="False" />
                <line number="32" hits="45" branch="False" />
              </lines>
            </method>
            <method name=".ctor" signature="(System.Int64)" line-rate="1" branch-rate="1" complexity="1">
              <lines>
                <line number="11" hits="45" branch="False" />
                <line number="12" hits="45" branch="False" />
                <line number="13" hits="45" branch="False" />
              </lines>
            </method>
          </methods>
          <lines>
            <line number="18" hits="4" branch="False" />
            <line number="21" hits="9" branch="False" />
            <line number="25" hits="45" branch="False" />
            <line number="26" hits="45" branch="True" condition-coverage="100% (2/2)">
              <conditions>
                <condition number="11" type="jump" coverage="100%" />
              </conditions>
            </line>
            <line number="27" hits="4" branch="False" />
            <line number="28" hits="4" branch="False" />
            <line number="31" hits="41" branch="False" />
            <line number="32" hits="45" branch="False" />
            <line number="11" hits="45" branch="False" />
            <line number="12" hits="45" branch="False" />
            <line number="13" hits="45" branch="False" />
          </lines>
        </class>
        <class name="ECC.DanceCup.Api.Domain.Model.UserAggregate.Username" filename="ECC.DanceCup.Api.Domain/Model/UserAggregate/Username.cs" line-rate="1" branch-rate="1" complexity="4">
          <methods>
            <method name="get_Value" signature="()" line-rate="1" branch-rate="1" complexity="1">
              <lines>
                <line number="16" hits="4" branch="False" />
              </lines>
            </method>
            <method name="From" signature="(System.String)" line-rate="1" branch-rate="1" complexity="2">
              <lines>
                <line number="20" hits="16" branch="False" />
                <line number="21" hits="16" branch="True" condition-coverage="100% (2/2)">
                  <conditions>
                    <condition number="9" type="jump" coverage="100%" />
                  </conditions>
                </line>
                <line number="22" hits="6" branch="False" />
                <line number="23" hits="6" branch="False" />
                <line number="26" hits="10" branch="False" />
                <line number="27" hits="16" branch="False" />
              </lines>
            </method>
            <method name=".ctor" signature="(System.String)" line-rate="1" branch-rate="1" complexity="1">
              <lines>
                <line number="11" hits="10" branch="False" />
                <line number="12" hits="10" branch="False" />
                <line number="13" hits="10" branch="False" />
              </lines>
            </method>
          </methods>
          <lines>
            <line number="16" hits="4" branch="False" />
            <line number="20" hits="16" branch="False" />
            <line number="21" hits="16" branch="True" condition-coverage="100% (2/2)">
              <conditions>
                <condition number="9" type="jump" coverage="100%" />
              </conditions>
            </line>
            <line number="22" hits="6" branch="False" />
            <line number="23" hits="6" branch="False" />
            <line number="26" hits="10" branch="False" />
            <line number="27" hits="16" branch="False" />
            <line number="11" hits="10" branch="False" />
            <line number="12" hits="10" branch="False" />
            <line number="13" hits="10" branch="False" />
          </lines>
        </class>
        <class name="ECC.DanceCup.Api.Domain.Model.TournamentAggregate.Category" filename="ECC.DanceCup.Api.Domain/Model/TournamentAggregate/Category.cs" line-rate="1" branch-rate="1" complexity="11">
          <methods>
            <method name="get_TournamentId" signature="()" line-rate="1" branch-rate="1" complexity="1">
              <lines>
                <line number="37" hits="1" branch="False" />
              </lines>
            </method>
            <method name="get_Name" signature="()" line-rate="1" branch-rate="1" complexity="1">
              <lines>
                <line number="42" hits="1" branch="False" />
              </lines>
            </method>
            <method name="get_DancesIds" signature="()" line-rate="1" branch-rate="1" complexity="1">
              <lines>
                <line number="47" hits="1" branch="False" />
              </lines>
            </method>
            <method name="get_DancesCount" signature="()" line-rate="1" branch-rate="1" complexity="1">
              <lines>
                <line number="52" hits="1" branch="False" />
              </lines>
            </method>
            <method name="get_RefereesIds" signature="()" line-rate="1" branch-rate="1" complexity="1">
              <lines>
                <line number="57" hits="1" branch="False" />
              </lines>
            </method>
            <method name="get_RefereesCount" signature="()" line-rate="1" branch-rate="1" complexity="1">
              <lines>
                <line number="62" hits="1" branch="False" />
              </lines>
            </method>
            <method name="get_CouplesIds" signature="()" line-rate="1" branch-rate="1" complexity="1">
              <lines>
                <line number="67" hits="3" branch="False" />
              </lines>
            </method>
            <method name="get_CouplesCount" signature="()" line-rate="1" branch-rate="1" complexity="1">
              <lines>
                <line number="72" hits="4" branch="False" />
              </lines>
            </method>
            <method name="RegisterCouple" signature="(ECC.DanceCup.Api.Domain.Model.TournamentAggregate.CoupleId)" line-rate="1" branch-rate="1" complexity="2">
              <lines>
                <line number="75" hits="17" branch="False" />
                <line number="76" hits="17" branch="True" condition-coverage="100% (2/2)">
                  <conditions>
                    <condition number="15" type="jump" coverage="100%" />
                  </conditions>
                </line>
                <line number="77" hits="1" branch="False" />
                <line number="78" hits="1" branch="False" />
                <line number="81" hits="16" branch="False" />
                <line number="83" hits="16" branch="False" />
                <line number="84" hits="17" branch="False" />
              </lines>
            </method>
            <method name=".ctor" signature="(ECC.DanceCup.Api.Domain.Model.TournamentAggregate.CategoryId,ECC.DanceCup.Api.Domain.Model.TournamentAggregate.TournamentId,ECC.DanceCup.Api.Domain.Model.TournamentAggregate.CategoryName,System.Collections.Generic.List`1&lt;ECC.DanceCup.Api.Domain.Model.DanceAggregate.DanceId&gt;,System.Collections.Generic.List`1&lt;ECC.DanceCup.Api.Domain.Model.RefereeAggregate.RefereeId&gt;,System.Collections.Generic.List`1&lt;ECC.DanceCup.Api.Domain.Model.TournamentAggregate.CoupleId&gt;)" line-rate="1" branch-rate="1" complexity="1">
              <lines>
                <line number="25" hits="108" branch="False" />
                <line number="26" hits="108" branch="False" />
                <line number="27" hits="108" branch="False" />
                <line number="28" hits="108" branch="False" />
                <line number="29" hits="108" branch="False" />
                <line number="30" hits="108" branch="False" />
                <line number="31" hits="108" branch="False" />
                <line number="32" hits="108" branch="False" />
              </lines>
            </method>
          </methods>
          <lines>
            <line number="37" hits="1" branch="False" />
            <line number="42" hits="1" branch="False" />
            <line number="47" hits="1" branch="False" />
            <line number="52" hits="1" branch="False" />
            <line number="57" hits="1" branch="False" />
            <line number="62" hits="1" branch="False" />
            <line number="67" hits="3" branch="False" />
            <line number="72" hits="4" branch="False" />
            <line number="75" hits="17" branch="False" />
            <line number="76" hits="17" branch="True" condition-coverage="100% (2/2)">
              <conditions>
                <condition number="15" type="jump" coverage="100%" />
              </conditions>
            </line>
            <line number="77" hits="1" branch="False" />
            <line number="78" hits="1" branch="False" />
            <line number="81" hits="16" branch="False" />
            <line number="83" hits="16" branch="False" />
            <line number="84" hits="17" branch="False" />
            <line number="25" hits="108" branch="False" />
            <line number="26" hits="108" branch="False" />
            <line number="27" hits="108" branch="False" />
            <line number="28" hits="108" branch="False" />
            <line number="29" hits="108" branch="False" />
            <line number="30" hits="108" branch="False" />
            <line number="31" hits="108" branch="False" />
            <line number="32" hits="108" branch="False" />
          </lines>
        </class>
        <class name="ECC.DanceCup.Api.Domain.Model.TournamentAggregate.CategoryId" filename="ECC.DanceCup.Api.Domain/Model/TournamentAggregate/CategoryId.cs" line-rate="1" branch-rate="1" complexity="5">
          <methods>
            <method name="get_Empty" signature="()" line-rate="1" branch-rate="1" complexity="1">
              <lines>
                <line number="18" hits="3" branch="False" />
              </lines>
            </method>
            <method name="get_Value" signature="()" line-rate="1" branch-rate="1" complexity="1">
              <lines>
                <line number="21" hits="12" branch="False" />
              </lines>
            </method>
            <method name="From" signature="(System.Int64)" line-rate="1" branch-rate="1" complexity="2">
              <lines>
                <line number="25" hits="113" branch="False" />
                <line number="26" hits="113" branch="True" condition-coverage="100% (2/2)">
                  <conditions>
                    <condition number="11" type="jump" coverage="100%" />
                  </conditions>
                </line>
                <line number="27" hits="4" branch="False" />
                <line number="28" hits="4" branch="False" />
                <line number="31" hits="109" branch="False" />
                <line number="32" hits="113" branch="False" />
              </lines>
            </method>
            <method name=".ctor" signature="(System.Int64)" line-rate="1" branch-rate="1" complexity="1">
              <lines>
                <line number="11" hits="112" branch="False" />
                <line number="12" hits="112" branch="False" />
                <line number="13" hits="112" branch="False" />
              </lines>
            </method>
          </methods>
          <lines>
            <line number="18" hits="3" branch="False" />
            <line number="21" hits="12" branch="False" />
            <line number="25" hits="113" branch="False" />
            <line number="26" hits="113" branch="True" condition-coverage="100% (2/2)">
              <conditions>
                <condition number="11" type="jump" coverage="100%" />
              </conditions>
            </line>
            <line number="27" hits="4" branch="False" />
            <line number="28" hits="4" branch="False" />
            <line number="31" hits="109" branch="False" />
            <line number="32" hits="113" branch="False" />
            <line number="11" hits="112" branch="False" />
            <line number="12" hits="112" branch="False" />
            <line number="13" hits="112" branch="False" />
          </lines>
        </class>
        <class name="ECC.DanceCup.Api.Domain.Model.TournamentAggregate.CategoryName" filename="ECC.DanceCup.Api.Domain/Model/TournamentAggregate/CategoryName.cs" line-rate="1" branch-rate="1" complexity="5">
          <methods>
            <method name="get_Value" signature="()" line-rate="1" branch-rate="1" complexity="1">
              <lines>
                <line number="19" hits="12" branch="False" />
              </lines>
            </method>
            <method name="From" signature="(System.String)" line-rate="1" branch-rate="1" complexity="2">
              <lines>
                <line number="23" hits="117" branch="False" />
                <line number="24" hits="117" branch="True" condition-coverage="100% (2/2)">
                  <conditions>
                    <condition number="17" type="jump" coverage="100%" />
                  </conditions>
                </line>
                <line number="25" hits="4" branch="False" />
                <line number="26" hits="4" branch="False" />
                <line number="29" hits="113" branch="False" />
                <line number="30" hits="117" branch="False" />
              </lines>
            </method>
            <method name=".ctor" signature="(System.String)" line-rate="1" branch-rate="1" complexity="1">
              <lines>
                <line number="14" hits="113" branch="False" />
                <line number="15" hits="113" branch="False" />
                <line number="16" hits="113" branch="False" />
              </lines>
            </method>
            <method name=".cctor" signature="()" line-rate="1" branch-rate="1" complexity="1">
              <lines>
                <line number="11" hits="1" branch="False" />
              </lines>
            </method>
          </methods>
          <lines>
            <line number="19" hits="12" branch="False" />
            <line number="23" hits="117" branch="False" />
            <line number="24" hits="117" branch="True" condition-coverage="100% (2/2)">
              <conditions>
                <condition number="17" type="jump" coverage="100%" />
              </conditions>
            </line>
            <line number="25" hits="4" branch="False" />
            <line number="26" hits="4" branch="False" />
            <line number="29" hits="113" branch="False" />
            <line number="30" hits="117" branch="False" />
            <line number="14" hits="113" branch="False" />
            <line number="15" hits="113" branch="False" />
            <line number="16" hits="113" branch="False" />
            <line number="11" hits="1" branch="False" />
          </lines>
        </class>
        <class name="ECC.DanceCup.Api.Domain.Model.TournamentAggregate.Couple" filename="ECC.DanceCup.Api.Domain/Model/TournamentAggregate/Couple.cs" line-rate="1" branch-rate="1" complexity="7">
          <methods>
            <method name="get_TournamentId" signature="()" line-rate="1" branch-rate="1" complexity="1">
              <lines>
                <line number="31" hits="2" branch="False" />
              </lines>
            </method>
            <method name="get_FirstParticipantFullName" signature="()" line-rate="1" branch-rate="1" complexity="1">
              <lines>
                <line number="36" hits="5" branch="False" />
              </lines>
            </method>
            <method name="get_SecondParticipantFullName" signature="()" line-rate="1" branch-rate="1" complexity="1">
              <lines>
                <line number="41" hits="5" branch="False" />
              </lines>
            </method>
            <method name="get_DanceOrganizationName" signature="()" line-rate="1" branch-rate="1" complexity="1">
              <lines>
                <line number="46" hits="5" branch="False" />
              </lines>
            </method>
            <method name="get_FirstTrainerFullName" signature="()" line-rate="1" branch-rate="1" complexity="1">
              <lines>
                <line number="51" hits="5" branch="False" />
              </lines>
            </method>
            <method name="get_SecondTrainerFullName" signature="()" line-rate="1" branch-rate="1" complexity="1">
              <lines>
                <line number="56" hits="5" branch="False" />
              </lines>
            </method>
            <method name=".ctor" signature="(ECC.DanceCup.Api.Domain.Model.TournamentAggregate.CoupleId,ECC.DanceCup.Api.Domain.Model.TournamentAggregate.TournamentId,ECC.DanceCup.Api.Domain.Model.TournamentAggregate.CoupleParticipantFullName,System.Nullable`1&lt;ECC.DanceCup.Api.Domain.Model.TournamentAggregate.CoupleParticipantFullName&gt;,System.Nullable`1&lt;ECC.DanceCup.Api.Domain.Model.TournamentAggregate.CoupleDanceOrganizationName&gt;,System.Nullable`1&lt;ECC.DanceCup.Api.Domain.Model.TournamentAggregate.CoupleTrainerFullName&gt;,System.Nullable`1&lt;ECC.DanceCup.Api.Domain.Model.TournamentAggregate.CoupleTrainerFullName&gt;)" line-rate="1" branch-rate="1" complexity="1">
              <lines>
                <line number="18" hits="102" branch="False" />
                <line number="19" hits="102" branch="False" />
                <line number="20" hits="102" branch="False" />
                <line number="21" hits="102" branch="False" />
                <line number="22" hits="102" branch="False" />
                <line number="23" hits="102" branch="False" />
                <line number="24" hits="102" branch="False" />
                <line number="25" hits="102" branch="False" />
                <line number="26" hits="102" branch="False" />
              </lines>
            </method>
          </methods>
          <lines>
            <line number="31" hits="2" branch="False" />
            <line number="36" hits="5" branch="False" />
            <line number="41" hits="5" branch="False" />
            <line number="46" hits="5" branch="False" />
            <line number="51" hits="5" branch="False" />
            <line number="56" hits="5" branch="False" />
            <line number="18" hits="102" branch="False" />
            <line number="19" hits="102" branch="False" />
            <line number="20" hits="102" branch="False" />
            <line number="21" hits="102" branch="False" />
            <line number="22" hits="102" branch="False" />
            <line number="23" hits="102" branch="False" />
            <line number="24" hits="102" branch="False" />
            <line number="25" hits="102" branch="False" />
            <line number="26" hits="102" branch="False" />
          </lines>
        </class>
        <class name="ECC.DanceCup.Api.Domain.Model.TournamentAggregate.CoupleDanceOrganizationName" filename="ECC.DanceCup.Api.Domain/Model/TournamentAggregate/CoupleDanceOrganizationName.cs" line-rate="1" branch-rate="1" complexity="4">
          <methods>
            <method name="get_Value" signature="()" line-rate="1" branch-rate="1" complexity="1">
              <lines>
                <line number="16" hits="15" branch="False" />
              </lines>
            </method>
            <method name="From" signature="(System.String)" line-rate="1" branch-rate="1" complexity="2">
              <lines>
                <line number="20" hits="114" branch="False" />
                <line number="21" hits="114" branch="True" condition-coverage="100% (2/2)">
                  <conditions>
                    <condition number="9" type="jump" coverage="100%" />
                  </conditions>
                </line>
                <line number="22" hits="6" branch="False" />
                <line number="23" hits="6" branch="False" />
                <line number="26" hits="108" branch="False" />
                <line number="27" hits="114" branch="False" />
              </lines>
            </method>
            <method name=".ctor" signature="(System.String)" line-rate="1" branch-rate="1" complexity="1">
              <lines>
                <line number="11" hits="108" branch="False" />
                <line number="12" hits="108" branch="False" />
                <line number="13" hits="108" branch="False" />
              </lines>
            </method>
          </methods>
          <lines>
            <line number="16" hits="15" branch="False" />
            <line number="20" hits="114" branch="False" />
            <line number="21" hits="114" branch="True" condition-coverage="100% (2/2)">
              <conditions>
                <condition number="9" type="jump" coverage="100%" />
              </conditions>
            </line>
            <line number="22" hits="6" branch="False" />
            <line number="23" hits="6" branch="False" />
            <line number="26" hits="108" branch="False" />
            <line number="27" hits="114" branch="False" />
            <line number="11" hits="108" branch="False" />
            <line number="12" hits="108" branch="False" />
            <line number="13" hits="108" branch="False" />
          </lines>
        </class>
        <class name="ECC.DanceCup.Api.Domain.Model.TournamentAggregate.CoupleId" filename="ECC.DanceCup.Api.Domain/Model/TournamentAggregate/CoupleId.cs" line-rate="1" branch-rate="1" complexity="4">
          <methods>
            <method name="get_Value" signature="()" line-rate="1" branch-rate="1" complexity="1">
              <lines>
                <line number="16" hits="24" branch="False" />
              </lines>
            </method>
            <method name="From" signature="(System.Int64)" line-rate="1" branch-rate="1" complexity="2">
              <lines>
                <line number="20" hits="416" branch="False" />
                <line number="21" hits="416" branch="True" condition-coverage="100% (2/2)">
                  <conditions>
                    <condition number="11" type="jump" coverage="100%" />
                  </conditions>
                </line>
                <line number="22" hits="5" branch="False" />
                <line number="23" hits="5" branch="False" />
                <line number="26" hits="411" branch="False" />
                <line number="27" hits="416" branch="False" />
              </lines>
            </method>
            <method name=".ctor" signature="(System.Int64)" line-rate="1" branch-rate="1" complexity="1">
              <lines>
                <line number="11" hits="411" branch="False" />
                <line number="12" hits="411" branch="False" />
                <line number="13" hits="411" branch="False" />
              </lines>
            </method>
          </methods>
          <lines>
            <line number="16" hits="24" branch="False" />
            <line number="20" hits="416" branch="False" />
            <line number="21" hits="416" branch="True" condition-coverage="100% (2/2)">
              <conditions>
                <condition number="11" type="jump" coverage="100%" />
              </conditions>
            </line>
            <line number="22" hits="5" branch="False" />
            <line number="23" hits="5" branch="False" />
            <line number="26" hits="411" branch="False" />
            <line number="27" hits="416" branch="False" />
            <line number="11" hits="411" branch="False" />
            <line number="12" hits="411" branch="False" />
            <line number="13" hits="411" branch="False" />
          </lines>
        </class>
        <class name="ECC.DanceCup.Api.Domain.Model.TournamentAggregate.CoupleParticipantFullName" filename="ECC.DanceCup.Api.Domain/Model/TournamentAggregate/CoupleParticipantFullName.cs" line-rate="1" branch-rate="1" complexity="4">
          <methods>
            <method name="get_Value" signature="()" line-rate="1" branch-rate="1" complexity="1">
              <lines>
                <line number="16" hits="30" branch="False" />
              </lines>
            </method>
            <method name="From" signature="(System.String)" line-rate="1" branch-rate="1" complexity="2">
              <lines>
                <line number="20" hits="222" branch="False" />
                <line number="21" hits="222" branch="True" condition-coverage="100% (2/2)">
                  <conditions>
                    <condition number="9" type="jump" coverage="100%" />
                  </conditions>
                </line>
                <line number="22" hits="6" branch="False" />
                <line number="23" hits="6" branch="False" />
                <line number="26" hits="216" branch="False" />
                <line number="27" hits="222" branch="False" />
              </lines>
            </method>
            <method name=".ctor" signature="(System.String)" line-rate="1" branch-rate="1" complexity="1">
              <lines>
                <line number="11" hits="216" branch="False" />
                <line number="12" hits="216" branch="False" />
                <line number="13" hits="216" branch="False" />
              </lines>
            </method>
          </methods>
          <lines>
            <line number="16" hits="30" branch="False" />
            <line number="20" hits="222" branch="False" />
            <line number="21" hits="222" branch="True" condition-coverage="100% (2/2)">
              <conditions>
                <condition number="9" type="jump" coverage="100%" />
              </conditions>
            </line>
            <line number="22" hits="6" branch="False" />
            <line number="23" hits="6" branch="False" />
            <line number="26" hits="216" branch="False" />
            <line number="27" hits="222" branch="False" />
            <line number="11" hits="216" branch="False" />
            <line number="12" hits="216" branch="False" />
            <line number="13" hits="216" branch="False" />
          </lines>
        </class>
        <class name="ECC.DanceCup.Api.Domain.Model.TournamentAggregate.CoupleTrainerFullName" filename="ECC.DanceCup.Api.Domain/Model/TournamentAggregate/CoupleTrainerFullName.cs" line-rate="1" branch-rate="1" complexity="4">
          <methods>
            <method name="get_Value" signature="()" line-rate="1" branch-rate="1" complexity="1">
              <lines>
                <line number="16" hits="25" branch="False" />
              </lines>
            </method>
            <method name="From" signature="(System.String)" line-rate="1" branch-rate="1" complexity="2">
              <lines>
                <line number="20" hits="217" branch="False" />
                <line number="21" hits="217" branch="True" condition-coverage="100% (2/2)">
                  <conditions>
                    <condition number="9" type="jump" coverage="100%" />
                  </conditions>
                </line>
                <line number="22" hits="6" branch="False" />
                <line number="23" hits="6" branch="False" />
                <line number="26" hits="211" branch="False" />
                <line number="27" hits="217" branch="False" />
              </lines>
            </method>
            <method name=".ctor" signature="(System.String)" line-rate="1" branch-rate="1" complexity="1">
              <lines>
                <line number="11" hits="211" branch="False" />
                <line number="12" hits="211" branch="False" />
                <line number="13" hits="211" branch="False" />
              </lines>
            </method>
          </methods>
          <lines>
            <line number="16" hits="25" branch="False" />
            <line number="20" hits="217" branch="False" />
            <line number="21" hits="217" branch="True" condition-coverage="100% (2/2)">
              <conditions>
                <condition number="9" type="jump" coverage="100%" />
              </conditions>
            </line>
            <line number="22" hits="6" branch="False" />
            <line number="23" hits="6" branch="False" />
            <line number="26" hits="211" branch="False" />
            <line number="27" hits="217" branch="False" />
            <line number="11" hits="211" branch="False" />
            <line number="12" hits="211" branch="False" />
            <line number="13" hits="211" branch="False" />
          </lines>
        </class>
        <class name="ECC.DanceCup.Api.Domain.Model.TournamentAggregate.Tournament" filename="ECC.DanceCup.Api.Domain/Model/TournamentAggregate/Tournament.cs" line-rate="0.9354" branch-rate="0.9444" complexity="32">
          <methods>
            <method name="get_UserId" signature="()" line-rate="0" branch-rate="1" complexity="1">
              <lines>
                <line number="50" hits="0" branch="False" />
              </lines>
            </method>
            <method name="get_Name" signature="()" line-rate="0" branch-rate="1" complexity="1">
              <lines>
                <line number="55" hits="0" branch="False" />
              </lines>
            </method>
            <method name="get_Description" signature="()" line-rate="0" branch-rate="1" complexity="1">
              <lines>
                <line number="60" hits="0" branch="False" />
              </lines>
            </method>
            <method name="get_Date" signature="()" line-rate="0" branch-rate="1" complexity="1">
              <lines>
                <line number="65" hits="0" branch="False" />
              </lines>
            </method>
            <method name="get_State" signature="()" line-rate="1" branch-rate="1" complexity="1">
              <lines>
                <line number="70" hits="73" branch="False" />
              </lines>
            </method>
            <method name="get_RegistrationStartedAt" signature="()" line-rate="1" branch-rate="1" complexity="1">
              <lines>
                <line number="75" hits="39" branch="False" />
              </lines>
            </method>
            <method name="get_RegistrationFinishedAt" signature="()" line-rate="1" branch-rate="1" complexity="1">
              <lines>
                <line number="80" hits="43" branch="False" />
              </lines>
            </method>
            <method name="get_StartedAt" signature="()" line-rate="1" branch-rate="1" complexity="1">
              <lines>
                <line number="85" hits="35" branch="False" />
              </lines>
            </method>
            <method name="get_FinishedAt" signature="()" line-rate="1" branch-rate="1" complexity="1">
              <lines>
                <line number="90" hits="35" branch="False" />
              </lines>
            </method>
            <method name="get_Categories" signature="()" line-rate="1" branch-rate="1" complexity="1">
              <lines>
                <line number="95" hits="9" branch="False" />
              </lines>
            </method>
            <method name="get_CategoriesCount" signature="()" line-rate="1" branch-rate="1" complexity="1">
              <lines>
                <line number="100" hits="1" branch="False" />
              </lines>
            </method>
            <method name="get_Couples" signature="()" line-rate="1" branch-rate="1" complexity="1">
              <lines>
                <line number="105" hits="1" branch="False" />
              </lines>
            </method>
            <method name="get_CouplesCount" signature="()" line-rate="1" branch-rate="1" complexity="1">
              <lines>
                <line number="110" hits="3" branch="False" />
              </lines>
            </method>
            <method name="StartRegistration" signature="()" line-rate="1" branch-rate="1" complexity="2">
              <lines>
                <line number="117" hits="6" branch="False" />
                <line number="118" hits="6" branch="True" condition-coverage="100% (2/2)">
                  <conditions>
                    <condition number="15" type="jump" coverage="100%" />
                  </conditions>
                </line>
                <line number="119" hits="4" branch="False" />
                <line number="120" hits="4" branch="False" />
                <line number="123" hits="2" branch="False" />
                <line number="124" hits="2" branch="False" />
                <line number="125" hits="2" branch="False" />
                <line number="127" hits="2" branch="False" />
                <line number="128" hits="6" branch="False" />
              </lines>
            </method>
            <method name="FinishRegistration" signature="()" line-rate="1" branch-rate="1" complexity="2">
              <lines>
                <line number="135" hits="6" branch="False" />
                <line number="136" hits="6" branch="True" condition-coverage="100% (2/2)">
                  <conditions>
                    <condition number="15" type="jump" coverage="100%" />
                  </conditions>
                </line>
                <line number="137" hits="4" branch="False" />
                <line number="138" hits="4" branch="False" />
                <line number="141" hits="2" branch="False" />
                <line number="142" hits="2" branch="False" />
                <line number="143" hits="2" branch="False" />
                <line number="145" hits="2" branch="False" />
                <line number="146" hits="6" branch="False" />
              </lines>
            </method>
            <method name="ReopenRegistration" signature="()" line-rate="1" branch-rate="1" complexity="2">
              <lines>
                <line number="153" hits="6" branch="False" />
                <line number="154" hits="6" branch="True" condition-coverage="100% (2/2)">
                  <conditions>
                    <condition number="15" type="jump" coverage="100%" />
                  </conditions>
                </line>
                <line number="155" hits="4" branch="False" />
                <line number="156" hits="4" branch="False" />
                <line number="159" hits="2" branch="False" />
                <line number="160" hits="2" branch="False" />
                <line number="161" hits="2" branch="False" />
                <line number="163" hits="2" branch="False" />
                <line number="164" hits="6" branch="False" />
              </lines>
            </method>
            <method name="RegisterCouple" signature="(ECC.DanceCup.Api.Domain.Model.TournamentAggregate.CoupleId,ECC.DanceCup.Api.Domain.Model.TournamentAggregate.CoupleParticipantFullName,System.Nullable`1&lt;ECC.DanceCup.Api.Domain.Model.TournamentAggregate.CoupleParticipantFullName&gt;,System.Nullable`1&lt;ECC.DanceCup.Api.Domain.Model.TournamentAggregate.CoupleDanceOrganizationName&gt;,System.Nullable`1&lt;ECC.DanceCup.Api.Domain.Model.TournamentAggregate.CoupleTrainerFullName&gt;,System.Nullable`1&lt;ECC.DanceCup.Api.Domain.Model.TournamentAggregate.CoupleTrainerFullName&gt;,System.Collections.Generic.IReadOnlyCollection`1&lt;ECC.DanceCup.Api.Domain.Model.TournamentAggregate.CategoryId&gt;)" line-rate="0.9487000000000001" branch-rate="0.9166" complexity="12">
              <lines>
                <line number="185" hits="11" branch="False" />
                <line number="186" hits="11" branch="True" condition-coverage="100% (2/2)">
                  <conditions>
                    <condition number="38" type="jump" coverage="100%" />
                  </conditions>
                </line>
                <line number="187" hits="4" branch="False" />
                <line number="188" hits="4" branch="False" />
                <line number="191" hits="26" branch="True" condition-coverage="100% (2/2)">
                  <conditions>
                    <condition number="86" type="jump" coverage="100%" />
                  </conditions>
                </line>
                <line number="192" hits="1" branch="False" />
                <line number="193" hits="1" branch="False" />
                <line number="196" hits="6" branch="True" condition-coverage="100% (2/2)">
                  <conditions>
                    <condition number="124" type="jump" coverage="100%" />
                  </conditions>
                </line>
                <line number="197" hits="1" branch="False" />
                <line number="198" hits="1" branch="False" />
                <line number="201" hits="5" branch="False" />
                <line number="202" hits="15" branch="False" />
                <line number="203" hits="5" branch="False" />
                <line number="205" hits="5" branch="False" />
                <line number="206" hits="12" branch="False" />
                <line number="207" hits="5" branch="False" />
                <line number="208" hits="5" branch="True" condition-coverage="100% (2/2)">
                  <conditions>
                    <condition number="236" type="jump" coverage="100%" />
                  </conditions>
                </line>
                <line number="209" hits="1" branch="False" />
                <line number="210" hits="1" branch="False" />
                <line number="213" hits="36" branch="True" condition-coverage="100% (2/2)">
                  <conditions>
                    <condition number="319" type="jump" coverage="100%" />
                  </conditions>
                </line>
                <line number="214" hits="12" branch="False" />
                <line number="215" hits="12" branch="False" />
                <line number="216" hits="12" branch="True" condition-coverage="50% (1/2)">
                  <conditions>
                    <condition number="297" type="jump" coverage="50%" />
                  </conditions>
                </line>
                <line number="217" hits="0" branch="False" />
                <line number="218" hits="0" branch="False" />
                <line number="220" hits="12" branch="False" />
                <line number="222" hits="4" branch="False" />
                <line number="223" hits="4" branch="False" />
                <line number="224" hits="4" branch="False" />
                <line number="225" hits="4" branch="False" />
                <line number="226" hits="4" branch="False" />
                <line number="227" hits="4" branch="False" />
                <line number="228" hits="4" branch="False" />
                <line number="229" hits="4" branch="False" />
                <line number="230" hits="4" branch="False" />
                <line number="231" hits="4" branch="False" />
                <line number="233" hits="4" branch="False" />
                <line number="235" hits="4" branch="False" />
                <line number="236" hits="11" branch="False" />
              </lines>
            </method>
            <method name=".ctor" signature="(ECC.DanceCup.Api.Domain.Model.TournamentAggregate.TournamentId,ECC.DanceCup.Api.Domain.Core.AggregateVersion,System.DateTime,System.DateTime,ECC.DanceCup.Api.Domain.Model.UserAggregate.UserId,ECC.DanceCup.Api.Domain.Model.TournamentAggregate.TournamentName,ECC.DanceCup.Api.Domain.Model.TournamentAggregate.TournamentDescription,ECC.DanceCup.Api.Domain.Model.TournamentAggregate.TournamentDate,ECC.DanceCup.Api.Domain.Model.TournamentAggregate.TournamentState,System.Nullable`1&lt;System.DateTime&gt;,System.Nullable`1&lt;System.DateTime&gt;,System.Nullable`1&lt;System.DateTime&gt;,System.Nullable`1&lt;System.DateTime&gt;,System.Collections.Generic.List`1&lt;ECC.DanceCup.Api.Domain.Model.TournamentAggregate.Category&gt;,System.Collections.Generic.List`1&lt;ECC.DanceCup.Api.Domain.Model.TournamentAggregate.Couple&gt;)" line-rate="1" branch-rate="1" complexity="1">
              <lines>
                <line number="32" hits="34" branch="False" />
                <line number="33" hits="34" branch="False" />
                <line number="34" hits="34" branch="False" />
                <line number="35" hits="34" branch="False" />
                <line number="36" hits="34" branch="False" />
                <line number="37" hits="34" branch="False" />
                <line number="38" hits="34" branch="False" />
                <line number="39" hits="34" branch="False" />
                <line number="40" hits="34" branch="False" />
                <line number="41" hits="34" branch="False" />
                <line number="42" hits="34" branch="False" />
                <line number="43" hits="34" branch="False" />
                <line number="44" hits="34" branch="False" />
                <line number="45" hits="34" branch="False" />
              </lines>
            </method>
          </methods>
          <lines>
            <line number="50" hits="0" branch="False" />
            <line number="55" hits="0" branch="False" />
            <line number="60" hits="0" branch="False" />
            <line number="65" hits="0" branch="False" />
            <line number="70" hits="73" branch="False" />
            <line number="75" hits="39" branch="False" />
            <line number="80" hits="43" branch="False" />
            <line number="85" hits="35" branch="False" />
            <line number="90" hits="35" branch="False" />
            <line number="95" hits="9" branch="False" />
            <line number="100" hits="1" branch="False" />
            <line number="105" hits="1" branch="False" />
            <line number="110" hits="3" branch="False" />
            <line number="117" hits="6" branch="False" />
            <line number="118" hits="6" branch="True" condition-coverage="100% (2/2)">
              <conditions>
                <condition number="15" type="jump" coverage="100%" />
              </conditions>
            </line>
            <line number="119" hits="4" branch="False" />
            <line number="120" hits="4" branch="False" />
            <line number="123" hits="2" branch="False" />
            <line number="124" hits="2" branch="False" />
            <line number="125" hits="2" branch="False" />
            <line number="127" hits="2" branch="False" />
            <line number="128" hits="6" branch="False" />
            <line number="135" hits="6" branch="False" />
            <line number="136" hits="6" branch="True" condition-coverage="100% (2/2)">
              <conditions>
                <condition number="15" type="jump" coverage="100%" />
              </conditions>
            </line>
            <line number="137" hits="4" branch="False" />
            <line number="138" hits="4" branch="False" />
            <line number="141" hits="2" branch="False" />
            <line number="142" hits="2" branch="False" />
            <line number="143" hits="2" branch="False" />
            <line number="145" hits="2" branch="False" />
            <line number="146" hits="6" branch="False" />
            <line number="153" hits="6" branch="False" />
            <line number="154" hits="6" branch="True" condition-coverage="100% (2/2)">
              <conditions>
                <condition number="15" type="jump" coverage="100%" />
              </conditions>
            </line>
            <line number="155" hits="4" branch="False" />
            <line number="156" hits="4" branch="False" />
            <line number="159" hits="2" branch="False" />
            <line number="160" hits="2" branch="False" />
            <line number="161" hits="2" branch="False" />
            <line number="163" hits="2" branch="False" />
            <line number="164" hits="6" branch="False" />
            <line number="185" hits="11" branch="False" />
            <line number="186" hits="11" branch="True" condition-coverage="100% (2/2)">
              <conditions>
                <condition number="38" type="jump" coverage="100%" />
              </conditions>
            </line>
            <line number="187" hits="4" branch="False" />
            <line number="188" hits="4" branch="False" />
            <line number="191" hits="26" branch="True" condition-coverage="100% (2/2)">
              <conditions>
                <condition number="86" type="jump" coverage="100%" />
              </conditions>
            </line>
            <line number="192" hits="1" branch="False" />
            <line number="193" hits="1" branch="False" />
            <line number="196" hits="6" branch="True" condition-coverage="100% (2/2)">
              <conditions>
                <condition number="124" type="jump" coverage="100%" />
              </conditions>
            </line>
            <line number="197" hits="1" branch="False" />
            <line number="198" hits="1" branch="False" />
            <line number="201" hits="5" branch="False" />
            <line number="202" hits="15" branch="False" />
            <line number="203" hits="5" branch="False" />
            <line number="205" hits="5" branch="False" />
            <line number="206" hits="12" branch="False" />
            <line number="207" hits="5" branch="False" />
            <line number="208" hits="5" branch="True" condition-coverage="100% (2/2)">
              <conditions>
                <condition number="236" type="jump" coverage="100%" />
              </conditions>
            </line>
            <line number="209" hits="1" branch="False" />
            <line number="210" hits="1" branch="False" />
            <line number="213" hits="36" branch="True" condition-coverage="100% (2/2)">
              <conditions>
                <condition number="319" type="jump" coverage="100%" />
              </conditions>
            </line>
            <line number="214" hits="12" branch="False" />
            <line number="215" hits="12" branch="False" />
            <line number="216" hits="12" branch="True" condition-coverage="50% (1/2)">
              <conditions>
                <condition number="297" type="jump" coverage="50%" />
              </conditions>
            </line>
            <line number="217" hits="0" branch="False" />
            <line number="218" hits="0" branch="False" />
            <line number="220" hits="12" branch="False" />
            <line number="222" hits="4" branch="False" />
            <line number="223" hits="4" branch="False" />
            <line number="224" hits="4" branch="False" />
            <line number="225" hits="4" branch="False" />
            <line number="226" hits="4" branch="False" />
            <line number="227" hits="4" branch="False" />
            <line number="228" hits="4" branch="False" />
            <line number="229" hits="4" branch="False" />
            <line number="230" hits="4" branch="False" />
            <line number="231" hits="4" branch="False" />
            <line number="233" hits="4" branch="False" />
            <line number="235" hits="4" branch="False" />
            <line number="236" hits="11" branch="False" />
            <line number="32" hits="34" branch="False" />
            <line number="33" hits="34" branch="False" />
            <line number="34" hits="34" branch="False" />
            <line number="35" hits="34" branch="False" />
            <line number="36" hits="34" branch="False" />
            <line number="37" hits="34" branch="False" />
            <line number="38" hits="34" branch="False" />
            <line number="39" hits="34" branch="False" />
            <line number="40" hits="34" branch="False" />
            <line number="41" hits="34" branch="False" />
            <line number="42" hits="34" branch="False" />
            <line number="43" hits="34" branch="False" />
            <line number="44" hits="34" branch="False" />
            <line number="45" hits="34" branch="False" />
          </lines>
        </class>
        <class name="ECC.DanceCup.Api.Domain.Model.TournamentAggregate.TournamentDate" filename="ECC.DanceCup.Api.Domain/Model/TournamentAggregate/TournamentDate.cs" line-rate="1" branch-rate="1" complexity="3">
          <methods>
            <method name="get_Value" signature="()" line-rate="1" branch-rate="1" complexity="1">
              <lines>
                <line number="16" hits="2" branch="False" />
              </lines>
            </method>
            <method name="From" signature="(System.DateTime)" line-rate="1" branch-rate="1" complexity="1">
              <lines>
                <line number="20" hits="35" branch="False" />
                <line number="21" hits="35" branch="False" />
                <line number="22" hits="35" branch="False" />
              </lines>
            </method>
            <method name=".ctor" signature="(System.DateTime)" line-rate="1" branch-rate="1" complexity="1">
              <lines>
                <line number="11" hits="35" branch="False" />
                <line number="12" hits="35" branch="False" />
                <line number="13" hits="35" branch="False" />
              </lines>
            </method>
          </methods>
          <lines>
            <line number="16" hits="2" branch="False" />
            <line number="20" hits="35" branch="False" />
            <line number="21" hits="35" branch="False" />
            <line number="22" hits="35" branch="False" />
            <line number="11" hits="35" branch="False" />
            <line number="12" hits="35" branch="False" />
            <line number="13" hits="35" branch="False" />
          </lines>
        </class>
        <class name="ECC.DanceCup.Api.Domain.Model.TournamentAggregate.TournamentDescription" filename="ECC.DanceCup.Api.Domain/Model/TournamentAggregate/TournamentDescription.cs" line-rate="1" branch-rate="1" complexity="4">
          <methods>
            <method name="get_Value" signature="()" line-rate="1" branch-rate="1" complexity="1">
              <lines>
                <line number="16" hits="3" branch="False" />
              </lines>
            </method>
            <method name="From" signature="(System.String)" line-rate="1" branch-rate="1" complexity="2">
              <lines>
                <line number="20" hits="38" branch="False" />
                <line number="21" hits="38" branch="True" condition-coverage="100% (2/2)">
                  <conditions>
                    <condition number="9" type="jump" coverage="100%" />
                  </conditions>
                </line>
                <line number="22" hits="2" branch="False" />
                <line number="23" hits="2" branch="False" />
                <line number="26" hits="36" branch="False" />
                <line number="27" hits="38" branch="False" />
              </lines>
            </method>
            <method name=".ctor" signature="(System.String)" line-rate="1" branch-rate="1" complexity="1">
              <lines>
                <line number="11" hits="36" branch="False" />
                <line number="12" hits="36" branch="False" />
                <line number="13" hits="36" branch="False" />
              </lines>
            </method>
          </methods>
          <lines>
            <line number="16" hits="3" branch="False" />
            <line number="20" hits="38" branch="False" />
            <line number="21" hits="38" branch="True" condition-coverage="100% (2/2)">
              <conditions>
                <condition number="9" type="jump" coverage="100%" />
              </conditions>
            </line>
            <line number="22" hits="2" branch="False" />
            <line number="23" hits="2" branch="False" />
            <line number="26" hits="36" branch="False" />
            <line number="27" hits="38" branch="False" />
            <line number="11" hits="36" branch="False" />
            <line number="12" hits="36" branch="False" />
            <line number="13" hits="36" branch="False" />
          </lines>
        </class>
        <class name="ECC.DanceCup.Api.Domain.Model.TournamentAggregate.TournamentId" filename="ECC.DanceCup.Api.Domain/Model/TournamentAggregate/TournamentId.cs" line-rate="0.8181" branch-rate="0.5" complexity="5">
          <methods>
            <method name="get_Empty" signature="()" line-rate="1" branch-rate="1" complexity="1">
              <lines>
                <line number="18" hits="4" branch="False" />
              </lines>
            </method>
            <method name="get_Value" signature="()" line-rate="1" branch-rate="1" complexity="1">
              <lines>
                <line number="21" hits="12" branch="False" />
              </lines>
            </method>
            <method name="From" signature="(System.Int64)" line-rate="0.6666" branch-rate="0.5" complexity="2">
              <lines>
                <line number="25" hits="236" branch="False" />
                <line number="26" hits="236" branch="True" condition-coverage="50% (1/2)">
                  <conditions>
                    <condition number="11" type="jump" coverage="50%" />
                  </conditions>
                </line>
                <line number="27" hits="0" branch="False" />
                <line number="28" hits="0" branch="False" />
                <line number="31" hits="236" branch="False" />
                <line number="32" hits="236" branch="False" />
              </lines>
            </method>
            <method name=".ctor" signature="(System.Int64)" line-rate="1" branch-rate="1" complexity="1">
              <lines>
                <line number="11" hits="240" branch="False" />
                <line number="12" hits="240" branch="False" />
                <line number="13" hits="240" branch="False" />
              </lines>
            </method>
          </methods>
          <lines>
            <line number="18" hits="4" branch="False" />
            <line number="21" hits="12" branch="False" />
            <line number="25" hits="236" branch="False" />
            <line number="26" hits="236" branch="True" condition-coverage="50% (1/2)">
              <conditions>
                <condition number="11" type="jump" coverage="50%" />
              </conditions>
            </line>
            <line number="27" hits="0" branch="False" />
            <line number="28" hits="0" branch="False" />
            <line number="31" hits="236" branch="False" />
            <line number="32" hits="236" branch="False" />
            <line number="11" hits="240" branch="False" />
[...]
            <line number="26" hits="7" branch="False" />
            <line number="27" hits="9" branch="False" />
            <line number="11" hits="7" branch="False" />
            <line number="12" hits="7" branch="False" />
            <line number="13" hits="7" branch="False" />
          </lines>
        </class>
        <class name="ECC.DanceCup.Api.Domain.Model.RefereeAggregate.RefereeId" filename="ECC.DanceCup.Api.Domain/Model/RefereeAggregate/RefereeId.cs" line-rate="1" branch-rate="1" complexity="5">
          <methods>
            <method name="get_Empty" signature="()" line-rate="1" branch-rate="1" complexity="1">
              <lines>
                <line number="18" hits="3" branch="False" />
              </lines>
            </method>
            <method name="get_Value" signature="()" line-rate="1" branch-rate="1" complexity="1">
              <lines>
                <line number="21" hits="25" branch="False" />
              </lines>
            </method>
            <method name="From" signature="(System.Int64)" line-rate="1" branch-rate="1" complexity="2">
              <lines>
                <line number="25" hits="342" branch="False" />
                <line number="26" hits="342" branch="True" condition-coverage="100% (2/2)">
                  <conditions>
                    <condition number="11" type="jump" coverage="100%" />
                  </conditions>
                </line>
                <line number="27" hits="4" branch="False" />
                <line number="28" hits="4" branch="False" />
                <line number="31" hits="338" branch="False" />
                <line number="32" hits="342" branch="False" />
              </lines>
            </method>
            <method name=".ctor" signature="(System.Int64)" line-rate="1" branch-rate="1" complexity="1">
              <lines>
                <line number="11" hits="341" branch="False" />
                <line number="12" hits="341" branch="False" />
                <line number="13" hits="341" branch="False" />
              </lines>
            </method>
          </methods>
          <lines>
            <line number="18" hits="3" branch="False" />
            <line number="21" hits="25" branch="False" />
            <line number="25" hits="342" branch="False" />
            <line number="26" hits="342" branch="True" condition-coverage="100% (2/2)">
              <conditions>
                <condition number="11" type="jump" coverage="100%" />
              </conditions>
            </line>
            <line number="27" hits="4" branch="False" />
            <line number="28" hits="4" branch="False" />
            <line number="31" hits="338" branch="False" />
            <line number="32" hits="342" branch="False" />
            <line number="11" hits="341" branch="False" />
            <line number="12" hits="341" branch="False" />
            <line number="13" hits="341" branch="False" />
          </lines>
        </class>
        <class name="ECC.DanceCup.Api.Domain.Model.DanceAggregate.DanceId" filename="ECC.DanceCup.Api.Domain/Model/DanceAggregate/DanceId.cs" line-rate="1" branch-rate="1" complexity="4">
          <methods>
            <method name="get_Value" signature="()" line-rate="1" branch-rate="1" complexity="1">
              <lines>
                <line number="16" hits="21" branch="False" />
              </lines>
            </method>
            <method name="From" signature="(System.Int64)" line-rate="1" branch-rate="1" complexity="2">
              <lines>
                <line number="20" hits="340" branch="False" />
                <line number="21" hits="340" branch="True" condition-coverage="100% (2/2)">
                  <conditions>
                    <condition number="11" type="jump" coverage="100%" />
                  </conditions>
                </line>
                <line number="22" hits="4" branch="False" />
                <line number="23" hits="4" branch="False" />
                <line number="26" hits="336" branch="False" />
                <line number="27" hits="340" branch="False" />
              </lines>
            </method>
            <method name=".ctor" signature="(System.Int64)" line-rate="1" branch-rate="1" complexity="1">
              <lines>
                <line number="11" hits="336" branch="False" />
                <line number="12" hits="336" branch="False" />
                <line number="13" hits="336" branch="False" />
              </lines>
            </method>
          </methods>
          <lines>
            <line number="16" hits="21" branch="False" />
            <line number="20" hits="340" branch="False" />
            <line number="21" hits="340" branch="True" condition-coverage="100% (2/2)">
              <conditions>
                <condition number="11" type="jump" coverage="100%" />
              </conditions>
            </line>
            <line number="22" hits="4" branch="False" />
            <line number="23" hits="4" branch="False" />
            <line number="26" hits="336" branch="False" />
            <line number="27" hits="340" branch="False" />
            <line number="11" hits="336" branch="False" />
            <line number="12" hits="336" branch="False" />
            <line number="13" hits="336" branch="False" />
          </lines>
        </class>
        <class name="ECC.DanceCup.Api.Domain.Errors.CategoriesNotFountError" filename="ECC.DanceCup.Api.Domain/Errors/CategoriesNotFountError.cs" line-rate="1" branch-rate="1" complexity="1">
          <methods>
            <method name=".ctor" signature="(System.Collections.Generic.IReadOnlyCollection`1&lt;ECC.DanceCup.Api.Domain.Model.TournamentAggregate.CategoryId&gt;)" line-rate="1" branch-rate="1" complexity="1">
              <lines>
                <line number="12" hits="2" branch="False" />
                <line number="13" hits="1" branch="False" />
                <line number="14" hits="1" branch="False" />
              </lines>
            </method>
          </methods>
          <lines>
            <line number="12" hits="2" branch="False" />
            <line number="13" hits="1" branch="False" />
            <line number="14" hits="1" branch="False" />
          </lines>
        </class>
        <class name="ECC.DanceCup.Api.Domain.Errors.CoupleAlreadyRegisteredForTournamentError" filename="ECC.DanceCup.Api.Domain/Errors/CoupleAlreadyRegisteredForTournamentError.cs" line-rate="1" branch-rate="1" complexity="1">
          <methods>
            <method name=".ctor" signature="()" line-rate="1" branch-rate="1" complexity="1">
              <lines>
                <line number="11" hits="1" branch="False" />
                <line number="12" hits="1" branch="False" />
                <line number="13" hits="1" branch="False" />
              </lines>
            </method>
          </methods>
          <lines>
            <line number="11" hits="1" branch="False" />
            <line number="12" hits="1" branch="False" />
            <line number="13" hits="1" branch="False" />
          </lines>
        </class>
        <class name="ECC.DanceCup.Api.Domain.Errors.CoupleAlreadyRegisteredInCategoryError" filename="ECC.DanceCup.Api.Domain/Errors/CoupleAlreadyRegisteredInCategoryError.cs" line-rate="1" branch-rate="1" complexity="1">
          <methods>
            <method name=".ctor" signature="()" line-rate="1" branch-rate="1" complexity="1">
              <lines>
                <line number="11" hits="1" branch="False" />
                <line number="12" hits="1" branch="False" />
                <line number="13" hits="1" branch="False" />
              </lines>
            </method>
          </methods>
          <lines>
            <line number="11" hits="1" branch="False" />
            <line number="12" hits="1" branch="False" />
            <line number="13" hits="1" branch="False" />
          </lines>
        </class>
        <class name="ECC.DanceCup.Api.Domain.Errors.CoupleCategoriesShouldNotBeEmptyError" filename="ECC.DanceCup.Api.Domain/Errors/CoupleCategoriesShouldNotBeEmptyError.cs" line-rate="1" branch-rate="1" complexity="1">
          <methods>
            <method name=".ctor" signature="()" line-rate="1" branch-rate="1" complexity="1">
              <lines>
                <line number="8" hits="1" branch="False" />
                <line number="9" hits="1" branch="False" />
                <line number="10" hits="1" branch="False" />
              </lines>
            </method>
          </methods>
          <lines>
            <line number="8" hits="1" branch="False" />
            <line number="9" hits="1" branch="False" />
            <line number="10" hits="1" branch="False" />
          </lines>
        </class>
        <class name="ECC.DanceCup.Api.Domain.Errors.TournamentShouldBeInStatusError" filename="ECC.DanceCup.Api.Domain/Errors/TournamentShouldBeInStatusError.cs" line-rate="1" branch-rate="1" complexity="1">
          <methods>
            <method name=".ctor" signature="(ECC.DanceCup.Api.Domain.Model.TournamentAggregate.TournamentState)" line-rate="1" branch-rate="1" complexity="1">
              <lines>
                <line number="12" hits="16" branch="False" />
                <line number="13" hits="16" branch="False" />
                <line number="14" hits="16" branch="False" />
              </lines>
            </method>
          </methods>
          <lines>
            <line number="12" hits="16" branch="False" />
            <line number="13" hits="16" branch="False" />
            <line number="14" hits="16" branch="False" />
          </lines>
        </class>
      </classes>
    </package>
    <package name="ECC.DanceCup.Api.Domain.Core" line-rate="0.7555" branch-rate="0.1666" complexity="20">
      <classes>
        <class name="ECC.DanceCup.Api.Domain.Core.AggregateRoot`1" filename="ECC.DanceCup.Api.Domain.Core/AggregateRoot.cs" line-rate="1" branch-rate="1" complexity="5">
          <methods>
            <method name="get_Version" signature="()" line-rate="1" branch-rate="1" complexity="1">
              <lines>
                <line number="23" hits="70" branch="False" />
              </lines>
            </method>
            <method name="get_CreatedAt" signature="()" line-rate="1" branch-rate="1" complexity="1">
              <lines>
                <line number="26" hits="6" branch="False" />
              </lines>
            </method>
            <method name="get_ChangedAt" signature="()" line-rate="1" branch-rate="1" complexity="1">
              <lines>
                <line number="29" hits="60" branch="False" />
              </lines>
            </method>
            <method name="RegisterChange" signature="()" line-rate="1" branch-rate="1" complexity="1">
              <lines>
                <line number="35" hits="10" branch="False" />
                <line number="36" hits="10" branch="False" />
                <line number="37" hits="10" branch="False" />
                <line number="38" hits="10" branch="False" />
              </lines>
            </method>
            <method name=".ctor" signature="(TKey,ECC.DanceCup.Api.Domain.Core.AggregateVersion,System.DateTime,System.DateTime)" line-rate="1" branch-rate="1" complexity="1">
              <lines>
                <line number="15" hits="45" branch="False" />
                <line number="16" hits="45" branch="False" />
                <line number="17" hits="45" branch="False" />
                <line number="18" hits="45" branch="False" />
                <line number="19" hits="45" branch="False" />
                <line number="20" hits="45" branch="False" />
              </lines>
            </method>
          </methods>
          <lines>
            <line number="23" hits="70" branch="False" />
            <line number="26" hits="6" branch="False" />
            <line number="29" hits="60" branch="False" />
            <line number="35" hits="10" branch="False" />
            <line number="36" hits="10" branch="False" />
            <line number="37" hits="10" branch="False" />
            <line number="38" hits="10" branch="False" />
            <line number="15" hits="45" branch="False" />
            <line number="16" hits="45" branch="False" />
            <line number="17" hits="45" branch="False" />
            <line number="18" hits="45" branch="False" />
            <line number="19" hits="45" branch="False" />
            <line number="20" hits="45" branch="False" />
          </lines>
        </class>
        <class name="ECC.DanceCup.Api.Domain.Core.AggregateVersion" filename="ECC.DanceCup.Api.Domain.Core/AggregateVersion.cs" line-rate="0.8571" branch-rate="0.5" complexity="6">
          <methods>
            <method name="get_Default" signature="()" line-rate="1" branch-rate="1" complexity="1">
              <lines>
                <line number="16" hits="11" branch="False" />
              </lines>
            </method>
            <method name="get_Value" signature="()" line-rate="1" branch-rate="1" complexity="1">
              <lines>
                <line number="19" hits="14" branch="False" />
              </lines>
            </method>
            <method name="From" signature="(System.Int32)" line-rate="0.6666" branch-rate="0.5" complexity="2">
              <lines>
                <line number="23" hits="35" branch="False" />
                <line number="24" hits="35" branch="True" condition-coverage="50% (1/2)">
                  <conditions>
                    <condition number="10" type="jump" coverage="50%" />
                  </conditions>
                </line>
                <line number="25" hits="0" branch="False" />
                <line number="26" hits="0" branch="False" />
                <line number="29" hits="35" branch="False" />
                <line number="30" hits="35" branch="False" />
              </lines>
            </method>
            <method name="Increase" signature="()" line-rate="1" branch-rate="1" complexity="1">
              <lines>
                <line number="37" hits="10" branch="False" />
                <line number="38" hits="10" branch="False" />
                <line number="39" hits="10" branch="False" />
              </lines>
            </method>
            <method name=".ctor" signature="(System.Int32)" line-rate="1" branch-rate="1" complexity="1">
              <lines>
                <line number="9" hits="56" branch="False" />
                <line number="10" hits="56" branch="False" />
                <line number="11" hits="56" branch="False" />
              </lines>
            </method>
          </methods>
          <lines>
            <line number="16" hits="11" branch="False" />
            <line number="19" hits="14" branch="False" />
            <line number="23" hits="35" branch="False" />
            <line number="24" hits="35" branch="True" condition-coverage="50% (1/2)">
              <conditions>
                <condition number="10" type="jump" coverage="50%" />
              </conditions>
            </line>
            <line number="25" hits="0" branch="False" />
            <line number="26" hits="0" branch="False" />
            <line number="29" hits="35" branch="False" />
            <line number="30" hits="35" branch="False" />
            <line number="37" hits="10" branch="False" />
            <line number="38" hits="10" branch="False" />
            <line number="39" hits="10" branch="False" />
            <line number="9" hits="56" branch="False" />
            <line number="10" hits="56" branch="False" />
            <line number="11" hits="56" branch="False" />
          </lines>
        </class>
        <class name="ECC.DanceCup.Api.Domain.Core.DomainError" filename="ECC.DanceCup.Api.Domain.Core/DomainError.cs" line-rate="1" branch-rate="1" complexity="1">
          <methods>
            <method name=".ctor" signature="(System.String)" line-rate="1" branch-rate="1" complexity="1">
              <lines>
                <line number="10" hits="20" branch="False" />
                <line number="11" hits="20" branch="False" />
                <line number="12" hits="20" branch="False" />
                <line number="13" hits="20" branch="False" />
              </lines>
            </method>
          </methods>
          <lines>
            <line number="10" hits="20" branch="False" />
            <line number="11" hits="20" branch="False" />
            <line number="12" hits="20" branch="False" />
            <line number="13" hits="20" branch="False" />
          </lines>
        </class>
        <class name="ECC.DanceCup.Api.Domain.Core.Entity`1" filename="ECC.DanceCup.Api.Domain.Core/Entity.cs" line-rate="0.35710000000000003" branch-rate="0" complexity="8">
          <methods>
            <method name="get_Id" signature="()" line-rate="1" branch-rate="1" complexity="1">
              <lines>
                <line number="16" hits="84" branch="False" />
              </lines>
            </method>
            <method name="Equals" signature="(ECC.DanceCup.Api.Domain.Core.IEntity`1&lt;TKey&gt;)" line-rate="0" branch-rate="0" complexity="4">
              <lines>
                <line number="19" hits="0" branch="False" />
                <line number="20" hits="0" branch="True" condition-coverage="0% (0/4)">
                  <conditions>
                    <condition number="2" type="jump" coverage="0%" />
                    <condition number="59" type="jump" coverage="0%" />
                  </conditions>
                </line>
                <line number="21" hits="0" branch="False" />
              </lines>
            </method>
            <method name="Equals" signature="(System.Object)" line-rate="0" branch-rate="1" complexity="1">
              <lines>
                <line number="24" hits="0" branch="False" />
                <line number="25" hits="0" branch="False" />
                <line number="26" hits="0" branch="False" />
              </lines>
            </method>
            <method name="GetHashCode" signature="()" line-rate="0" branch-rate="1" complexity="1">
              <lines>
                <line number="29" hits="0" branch="False" />
                <line number="30" hits="0" branch="False" />
                <line number="31" hits="0" branch="False" />
              </lines>
            </method>
            <method name=".ctor" signature="(TKey)" line-rate="1" branch-rate="1" complexity="1">
              <lines>
                <line number="10" hits="255" branch="False" />
                <line number="11" hits="255" branch="False" />
                <line number="12" hits="255" branch="False" />
                <line number="13" hits="255" branch="False" />
              </lines>
            </method>
          </methods>
          <lines>
            <line number="16" hits="84" branch="False" />
            <line number="19" hits="0" branch="False" />
            <line number="20" hits="0" branch="True" condition-coverage="0% (0/4)">
              <conditions>
                <condition number="2" type="jump" coverage="0%" />
                <condition number="59" type="jump" coverage="0%" />
              </conditions>
            </line>
            <line number="21" hits="0" branch="False" />
            <line number="24" hits="0" branch="False" />
            <line number="25" hits="0" branch="False" />
            <line number="26" hits="0" branch="False" />
            <line number="29" hits="0" branch="False" />
            <line number="30" hits="0" branch="False" />
            <line number="31" hits="0" branch="False" />
            <line number="10" hits="255" branch="False" />
            <line number="11" hits="255" branch="False" />
            <line number="12" hits="255" branch="False" />
            <line number="13" hits="255" branch="False" />
          </lines>
        </class>
      </classes>
    </package>
  </packages>
</coverage>